../ocamllang/ocaml_parser.trx