../ocamllang/ocaml_types.trx