../ocamllang/ocaml_keywords.trx