(*
    Copyright Â© 2011 MLstate

    This file is part of OPA.

   Licensed under the Apache License, Version 2.0 (the "License");
   you may not use this file except in compliance with the License.
   You may obtain a copy of the License at

       http://www.apache.org/licenses/LICENSE-2.0

   Unless required by applicable law or agreed to in writing, software
   distributed under the License is distributed on an "AS IS" BASIS,
   WITHOUT WARRANTIES OR CONDITIONS OF ANY KIND, either express or implied.
   See the License for the specific language governing permissions and
   limitations under the License.
*)
types:{{
  type mail_error = 
    | GreylistedMin of int
    | GreylistedSec of int
    | RecipientRejected
    | Add_cc of string
    | Other of string
}}

greylist <- "reylist" / "deferred"
cc <- "Cc:" / "cc:"

int <- ([0-9]+ $_) {{ int_of_string __1 }}
+error : {mail_error} 
       <- (!greylist .)+ greylist (!int .)+ int spacing "min" {{ GreylistedMin __4 }}
        / (!greylist .)+ greylist (!int .)+ int spacing {{ GreylistedSec __4 }}
        / (!greylist .)+ greylist .+ {{ GreylistedSec 300 }}
	/ (!cc .)+ cc spacing [a-zA-Z0-9\-_@.]+ {{ Add_cc (Tgrammar.string_of_chars __4) }}
        / (.+ $_)  {{ Other __1 }}
spacing <- [ \t]*
